<?xml version="1.0" encoding="UTF-8"?>
<!-- Generated by org.testng.reporters.JUnitReportReporter -->
<testsuite hostname="Harshith99" name="com.mindtree.testcases.TestCase1" tests="1" failures="0" timestamp="5 May 2022 04:57:51 GMT" time="20.929" errors="0">
  <testcase name="search" time="20.929" classname="com.mindtree.testcases.TestCase1"/>
</testsuite> <!-- com.mindtree.testcases.TestCase1 -->
