<?xml version="1.0" encoding="UTF-8"?>
<!-- Generated by org.testng.reporters.JUnitReportReporter -->
<testsuite hostname="Harshith99" name="com.mindtree.testcases.TestCase3" tests="1" failures="0" timestamp="5 May 2022 04:54:59 GMT" time="33.018" errors="0">
  <testcase name="footer" time="33.018" classname="com.mindtree.testcases.TestCase3"/>
</testsuite> <!-- com.mindtree.testcases.TestCase3 -->
