<?xml version="1.0" encoding="UTF-8"?>
<!-- Generated by org.testng.reporters.JUnitReportReporter -->
<testsuite hostname="Harshith99" name="com.mindtree.testcases.TestCase2" tests="1" failures="0" timestamp="5 May 2022 04:54:59 GMT" time="72.887" errors="0">
  <testcase name="sport" time="72.887" classname="com.mindtree.testcases.TestCase2"/>
</testsuite> <!-- com.mindtree.testcases.TestCase2 -->
